<?xml version="1.0" encoding="UTF-8"?>
<!-- Generated by org.testng.reporters.JUnitReportReporter -->
<testsuite hostname="Lees-MacBook-Pro.local" failures="0" tests="1" name="com.browserstack.run_first_test.FirstTest" time="33.785" errors="0" timestamp="10 Sep 2021 10:12:20 GMT">
  <testcase classname="com.browserstack.run_first_test.FirstTest" name="test" time="33.785"/>
</testsuite> <!-- com.browserstack.run_first_test.FirstTest -->
