<?xml version="1.0" encoding="UTF-8"?>
<!-- Generated by org.testng.reporters.JUnitReportReporter -->
<testsuite hostname="Lees-MacBook-Pro.local" failures="0" tests="3" name="com.browserstack.run_parallel_test.ParallelTest" time="109.901" errors="0" timestamp="10 Sep 2021 10:13:15 GMT">
  <testcase classname="com.browserstack.run_parallel_test.ParallelTest" name="test" time="32.175"/>
  <testcase classname="com.browserstack.run_parallel_test.ParallelTest" name="test" time="43.788"/>
  <testcase classname="com.browserstack.run_parallel_test.ParallelTest" name="test" time="33.938"/>
</testsuite> <!-- com.browserstack.run_parallel_test.ParallelTest -->
